=~=~=~=~=~=~=~=~=~=~=~= PuTTY log 2022.11.29 17:48:45 =~=~=~=~=~=~=~=~=~=~=~=
1.1093994
0.2030273
0.2006104
0.2062500
0.2030273
0.2779541
0.2151123
2.8278809
2.8995850
2.5845702
0.2175293
2.9084473
2.9068358
1.2487793
0.2126953
0.8411133
2.8012938
0.2086670
2.9205322
2.9108641
0.2231689
2.9156983
2.9116700
0.2135010
0.2215576
0.2135010
0.3569092
0.2481445
0.2843994
0.9345703
1.0151367
0.2408936
0.2239746
0.2151123
0.4431152
0.2263916
2.8536620
2.9116700
0.2320312
2.9020019
2.9156983
0.4680908
2.7336180
0.2344482
1.5847412
1.5799072
1.8183838
0.2384766
0.9442382
1.0409180
1.5251220
