=~=~=~=~=~=~=~=~=~=~=~= PuTTY log 2022.11.29 20:16:14 =~=~=~=~=~=~=~=~=~=~=~=
	WHITE 00-> 10.99
	WHITE 00-> 10.94
	WHITE 00-> 7.49
	WHITE 00-> 6.82
	WHITE 00-> 6.33
	WHITE 00-> 6.24
	WHITE 00-> 6.21
	WHITE 00-> 6.14
	WHITE 00-> 6.23
	WHITE 00-> 6.18
	WHITE 00-> 6.60
	WHITE 00-> 7.72
	WHITE 00-> 10.22
[!] BLACK DETECTED with value 26.16
[!] Inserting at array 1
	BLACK 11-> 29.02
	BLACK 11-> 29.09
	BLACK 11-> 29.20
	BLACK 11-> 29.25
	BLACK 11-> 29.95
	BLACK 11-> 30.21
	BLACK 11-> 30.15
	BLACK 11-> 29.80
	BLACK 11-> 29.23
	BLACK 11-> 27.11
[!] WHITE DETECTED with value 11.98
[!] Inserting at array 2
	WHITE 00-> 6.99
	WHITE 00-> 6.99
	WHITE 00-> 6.25
	WHITE 00-> 6.28
	WHITE 00-> 6.19
	WHITE 00-> 6.17
	WHITE 00-> 6.16
	WHITE 00-> 6.15
	WHITE 00-> 6.18
	WHITE 00-> 6.20
	WHITE 00-> 6.16
	WHITE 00-> 6.18
	WHITE 00-> 6.19
	WHITE 00-> 6.14
	WHITE 00-> 6.20
	WHITE 00-> 6.20
	WHITE 00-> 6.23
	WHITE 00-> 6.35
	WHITE 00-> 6.78
	WHITE 00-> 8.96
[!] BLACK DETECTED with value 27.48
[!] Inserting at array 3
	BLACK 11-> 29.79
	BLACK 11-> 29.80
	BLACK 11-> 30.12
	BLACK 11-> 30.13
	BLACK 11-> 29.67
	BLACK 11-> 26.98
	BLACK 11-> 23.36
[!] WHITE DETECTED with value 8.35
[!] Inserting at array 4
	WHITE 00-> 6.70
	WHITE 00-> 6.62
	WHITE 00-> 6.31
	WHITE 00-> 6.24
	WHITE 00-> 6.20
	WHITE 00-> 6.27
	WHITE 00-> 6.60
	WHITE 00-> 7.28
	WHITE 00-> 8.38
	WHITE 00-> 11.08
[!] BLACK DETECTED with value 29.29
[!] Inserting at array 5
	BLACK 11-> 30.26
	BLACK 11-> 30.30
	BLACK 11-> 30.34
	BLACK 11-> 30.32
	BLACK 11-> 30.33
	BLACK 11-> 30.32
	BLACK 11-> 30.30
	BLACK 11-> 30.29
	BLACK 11-> 30.26
	BLACK 11-> 30.25
	BLACK 11-> 30.26
	BLACK 11-> 30.20
	BLACK 11-> 30.21
	BLACK 11-> 30.19
	BLACK 11-> 29.73
	BLACK 11-> 26.01
[!] WHITE DETECTED with value 7.78
[!] Inserting at array 6
	WHITE 00-> 6.53
	WHITE 00-> 6.44
	WHITE 00-> 6.30
	WHITE 00-> 6.39
	WHITE 00-> 7.87
[!] BLACK DETECTED with value 28.26
[!] Inserting at array 7
	BLACK 11-> 30.28
	BLACK 11-> 30.27
	BLACK 11-> 30.38
	BLACK 11-> 30.37
	BLACK 11-> 30.42
	BLACK 11-> 30.49
	BLACK 11-> 30.47
	BLACK 11-> 30.42
	BLACK 11-> 30.42
	BLACK 11-> 30.39
	BLACK 11-> 30.36
	BLACK 11-> 30.44
	BLACK 11-> 30.38
	BLACK 11-> 30.36
	BLACK 11-> 30.32
	BLACK 11-> 28.85
[!] WHITE DETECTED with value 9.12
[!] Inserting at array 8
	WHITE 00-> 6.38
	WHITE 00-> 6.39
	WHITE 00-> 6.25
	WHITE 00-> 6.30
	WHITE 00-> 6.43
	WHITE 00-> 8.32
[!] BLACK DETECTED with value 28.40
[!] Inserting at array 9
	BLACK 11-> 30.33
	BLACK 11-> 30.31
	BLACK 11-> 29.88
	BLACK 11-> 23.68
[!] WHITE DETECTED with value 6.62
[!] Inserting at array 10
	WHITE 00-> 6.35
	WHITE 00-> 6.35
	WHITE 00-> 6.53
	WHITE 00-> 7.31
	WHITE 00-> 9.68
[!] BLACK DETECTED with value 28.57
[!] Inserting at array 11
	BLACK 11-> 30.09
	BLACK 11-> 30.10
	BLACK 11-> 30.05
	BLACK 11-> 26.68
[!] WHITE DETECTED with value 8.26
[!] Inserting at array 12
	WHITE 00-> 6.66
	WHITE 00-> 6.72
	WHITE 00-> 6.64
	WHITE 00-> 6.49
	WHITE 00-> 6.33
	WHITE 00-> 6.37
	WHITE 00-> 6.41
	WHITE 00-> 8.11
[!] BLACK DETECTED with value 28.17
[!] Inserting at array 13
	BLACK 11-> 30.19
	BLACK 11-> 30.18
	BLACK 11-> 30.36
	BLACK 11-> 30.41
	BLACK 11-> 30.48
	BLACK 11-> 30.32
	BLACK 11-> 30.46
	BLACK 11-> 30.40
	BLACK 11-> 30.48
	BLACK 11-> 30.36
	BLACK 11-> 30.29
	BLACK 11-> 30.32
	BLACK 11-> 30.17
	BLACK 11-> 28.27
	BLACK 11-> 24.43
[!] WHITE DETECTED with value 9.27
[!] Inserting at array 14
	WHITE 00-> 7.68
	WHITE 00-> 7.68
	WHITE 00-> 6.88
	WHITE 00-> 6.40
	WHITE 00-> 6.37
	WHITE 00-> 6.72
	WHITE 00-> 7.92
	WHITE 00-> 11.32
[!] BLACK DETECTED with value 28.40
[!] Inserting at array 15
	BLACK 11-> 30.11
	BLACK 11-> 30.11
	BLACK 11-> 30.32
	BLACK 11-> 30.34
	BLACK 11-> 30.36
	BLACK 11-> 30.38
	BLACK 11-> 30.41
	BLACK 11-> 30.28
	BLACK 11-> 30.33
	BLACK 11-> 30.31
	BLACK 11-> 30.36
	BLACK 11-> 29.87
	BLACK 11-> 26.50
[!] WHITE DETECTED with value 8.00
[!] Inserting at array 16
	WHITE 00-> 6.37
	WHITE 00-> 6.57
	WHITE 00-> 6.34
	WHITE 00-> 6.27
	WHITE 00-> 6.30
	WHITE 00-> 6.29
	WHITE 00-> 6.26
	WHITE 00-> 6.25
	WHITE 00-> 6.41
	WHITE 00-> 6.28
	WHITE 00-> 6.31
	WHITE 00-> 6.27
	WHITE 00-> 6.47
	WHITE 00-> 9.83
[!] BLACK DETECTED with value 29.72
[!] Inserting at array 17
	BLACK 11-> 30.35
	BLACK 11-> 30.28
	BLACK 11-> 30.19
	BLACK 11-> 29.30
	BLACK 11-> 24.71
[!] WHITE DETECTED with value 8.92
[!] Inserting at array 18
	WHITE 00-> 7.49
	WHITE 00-> 7.46
	WHITE 00-> 6.80
	WHITE 00-> 6.69
	WHITE 00-> 6.53
	WHITE 00-> 6.61
	WHITE 00-> 6.73
	WHITE 00-> 7.40
	WHITE 00-> 8.60
	WHITE 00-> 12.50
[!] BLACK DETECTED with value 30.28
[!] Inserting at array 19
	BLACK 11-> 30.18
	BLACK 11-> 30.13
	BLACK 11-> 25.16
[!] WHITE DETECTED with value 8.51
[!] Inserting at array 20
	WHITE 00-> 7.43
	WHITE 00-> 7.45
	WHITE 00-> 7.10
	WHITE 00-> 7.38
	WHITE 00-> 8.42
[!] BLACK DETECTED with value 23.33
[!] Inserting at array 21
	BLACK 11-> 30.01
	BLACK 11-> 30.09
	BLACK 11-> 30.37
	BLACK 11-> 29.81
	BLACK 11-> 24.80
[!] WHITE DETECTED with value 8.75
[!] Inserting at array 22
	WHITE 00-> 7.50
	WHITE 00-> 7.53
	WHITE 00-> 7.06
	WHITE 00-> 7.20
	WHITE 00-> 7.06
	WHITE 00-> 6.94
	WHITE 00-> 6.89
	WHITE 00-> 7.19
	WHITE 00-> 7.14
	WHITE 00-> 7.05
	WHITE 00-> 7.21
	WHITE 00-> 7.06
	WHITE 00-> 7.58
	WHITE 00-> 9.18
[!] BLACK DETECTED with value 28.13
[!] Inserting at array 23
	BLACK 11-> 30.19
	BLACK 11-> 30.11
	BLACK 11-> 30.26
	BLACK 11-> 29.44
[!] WHITE DETECTED with value 11.28
[!] Inserting at array 24
	WHITE 00-> 7.84
	WHITE 00-> 7.82
	WHITE 00-> 7.16
	WHITE 00-> 7.94
[!] BLACK DETECTED with value 22.62
[!] Inserting at array 25
	BLACK 11-> 30.17
	BLACK 11-> 30.20
	BLACK 11-> 30.42
	BLACK 11-> 30.42
	BLACK 11-> 30.46
	BLACK 11-> 30.42
	BLACK 11-> 30.38
	BLACK 11-> 30.38
	BLACK 11-> 30.35
	BLACK 11-> 30.40
	BLACK 11-> 30.15
[!] WHITE DETECTED with value 10.84
[!] Inserting at array 26
	WHITE 00-> 8.23
	WHITE 00-> 8.22
	WHITE 00-> 7.69
	WHITE 00-> 8.41
	WHITE 00-> 12.36
[!] BLACK DETECTED with value 30.15
[!] Inserting at array 27
	BLACK 11-> 30.30
	BLACK 11-> 30.26
	BLACK 11-> 30.28
	BLACK 11-> 30.23
	BLACK 11-> 30.23
	BLACK 11-> 30.29
	BLACK 11-> 30.30
	BLACK 11-> 30.44
	BLACK 11-> 30.24
[!] WHITE DETECTED with value 11.82
[!] Inserting at array 28
	WHITE 00-> 7.63
	WHITE 00-> 7.55
	WHITE 00-> 8.44
[!] BLACK DETECTED with value 27.31
[!] Inserting at array 29
	BLACK 11-> 30.15
	BLACK 11-> 30.08
	BLACK 11-> 30.23
	BLACK 11-> 28.78
[!] WHITE DETECTED with value 10.80
[!] Inserting at array 30
BLACK THRESHOLD: 360.275970
WHITE THRESHOLD: 92.151093
BWWBWBBWBBWBWBWBBWBBWWBWBWBWWBWBWBWBW	
colorString formed!

Start reading colorString in function!
BWWBWBBWBBWBWBWBBWBBWWBWBWBWWBWBWBWBW	
Finished reading colorString in function!

Start reading charSequence!
BWWBWBBWBBWB
Finished reading charSequence!

 MATCH FOUND: *
(1) Retrieved Char: *

Start reading charSequence!
BWBBWBBWWBWB
Finished reading charSequence!

 MATCH FOUND: F
(2) Retrieved Char: F

Start reading charSequence!
BWWBWBWBWBW	
Finished reading charSequence!

(3) Retrieved Char: ?
	WHITE 00-> 5.70
	WHITE 00-> 5.70
	WHITE 00-> 5.56
	WHITE 00-> 5.81
	WHITE 00-> 6.14
	WHITE 00-> 6.16
	WHITE 00-> 6.20
	WHITE 00-> 6.33
	WHITE 00-> 6.28
	WHITE 00-> 6.26
	WHITE 00-> 6.26
	WHITE 00-> 6.35
	WHITE 00-> 6.29
	WHITE 00-> 6.29
	WHITE 00-> 6.29
	WHITE 00-> 6.28
	WHITE 00-> 6.29
	WHITE 00-> 6.29
	WHITE 00-> 6.29
	WHITE 00-> 6.30
	WHITE 00-> 6.30
	WHITE 00-> 6.29
	WHITE 00-> 6.27
	WHITE 00-> 6.30
	WHITE 00-> 6.30
	WHITE 00-> 6.29
	WHITE 00-> 6.36
	WHITE 00-> 6.30
	WHITE 00-> 6.23
	WHITE 00-> 6.29
	WHITE 00-> 6.30
	WHITE 00-> 6.31
	WHITE 00-> 6.31
	WHITE 00-> 6.24
	WHITE 00-> 6.30
	WHITE 00-> 6.30
	WHITE 00-> 6.30
	WHITE 00-> 6.29
	WHITE 00-> 6.30
	WHITE 00-> 6.30
	WHITE 00-> 6.30
	WHITE 00-> 6.30
	WHITE 00-> 6.24
	WHITE 00-> 6.20
[!] BLACK DETECTED with value 30.48
[!] Inserting at array 1
	BLACK 11-> 30.85
	BLACK 11-> 30.84
	BLACK 11-> 30.84
	BLACK 11-> 30.87
	BLACK 11-> 30.81
	BLACK 11-> 30.81
	BLACK 11-> 30.82
	BLACK 11-> 30.73
	BLACK 11-> 30.87
	BLACK 11-> 30.82
	BLACK 11-> 30.92
	BLACK 11-> 30.81
	BLACK 11-> 30.75
	BLACK 11-> 30.81
	BLACK 11-> 30.78
	BLACK 11-> 30.89
	BLACK 11-> 30.86
	BLACK 11-> 30.81
	BLACK 11-> 30.81
	BLACK 11-> 30.82
	BLACK 11-> 30.82
	BLACK 11-> 30.81
	BLACK 11-> 30.80
	BLACK 11-> 30.81
	BLACK 11-> 30.81
	BLACK 11-> 30.80
	BLACK 11-> 30.81
	BLACK 11-> 30.88
	BLACK 11-> 30.82
	BLACK 11-> 30.82
	BLACK 11-> 30.82
	BLACK 11-> 30.91
This 1 position, TOO BIG? 1006.876953ERROR FLAG DETECTED, Exiting to FIRST WHILE LOOP!	WHITE 00-> 8.73
	WHITE 00-> 8.79
	WHITE 00-> 9.16
[!] BLACK DETECTED with value 30.92
[!] Inserting at array 1
	BLACK 11-> 30.86
	BLACK 11-> 30.83
	BLACK 11-> 30.83
	BLACK 11-> 30.89
	BLACK 11-> 30.91
	BLACK 11-> 30.93
	BLACK 11-> 31.06
	BLACK 11-> 30.97
	BLACK 11-> 30.98
	BLACK 11-> 30.97
	BLACK 11-> 30.97
	BLACK 11-> 30.99
	BLACK 11-> 31.00
	BLACK 11-> 31.00
	BLACK 11-> 31.05
	BLACK 11-> 31.01
	BLACK 11-> 31.01
	BLACK 11-> 30.93
	BLACK 11-> 31.04
	BLACK 11-> 30.98
	BLACK 11-> 31.03
	BLACK 11-> 30.96
	BLACK 11-> 30.93
	BLACK 11-> 30.98
	BLACK 11-> 30.97
	BLACK 11-> 30.91
	BLACK 11-> 30.98
	BLACK 11-> 30.96
	BLACK 11-> 30.93
	BLACK 11-> 30.96
	BLACK 11-> 30.92
	BLACK 11-> 30.91
This 1 position, TOO BIG? 1011.586060ERROR FLAG DETECTED, Exiting to FIRST WHILE LOOP!	WHITE 00-> 8.20
	WHITE 00-> 8.19
	WHITE 00-> 7.45
	WHITE 00-> 7.07
	WHITE 00-> 7.10
	WHITE 00-> 7.06
	WHITE 00-> 7.00
	WHITE 00-> 7.46
	WHITE 00-> 7.94
	WHITE 00-> 8.23
	WHITE 00-> 8.22
	WHITE 00-> 8.11
	WHITE 00-> 8.39
	WHITE 00-> 10.13
[!] BLACK DETECTED with value 28.66
[!] Inserting at array 1
	BLACK 11-> 30.20
	BLACK 11-> 30.21
	BLACK 11-> 30.39
	BLACK 11-> 30.13
	BLACK 11-> 29.74
	BLACK 11-> 24.45
[!] WHITE DETECTED with value 8.30
[!] Inserting at array 2
	WHITE 00-> 6.78
	WHITE 00-> 6.76
	WHITE 00-> 6.45
	WHITE 00-> 6.40
	WHITE 00-> 6.57
	WHITE 00-> 6.35
	WHITE 00-> 6.34
	WHITE 00-> 6.44
	WHITE 00-> 6.42
	WHITE 00-> 6.42
	WHITE 00-> 6.36
	WHITE 00-> 6.35
	WHITE 00-> 6.16
	WHITE 00-> 6.51
	WHITE 00-> 7.82
[!] BLACK DETECTED with value 29.35
[!] Inserting at array 3
	BLACK 11-> 30.28
	BLACK 11-> 30.27
	BLACK 11-> 30.02
	BLACK 11-> 23.20
[!] WHITE DETECTED with value 7.16
[!] Inserting at array 4
	WHITE 00-> 6.49
	WHITE 00-> 6.49
	WHITE 00-> 6.46
	WHITE 00-> 8.07
[!] BLACK DETECTED with value 30.01
[!] Inserting at array 5
	BLACK 11-> 30.38
	BLACK 11-> 30.37
	BLACK 11-> 30.40
	BLACK 11-> 30.41
	BLACK 11-> 30.38
	BLACK 11-> 30.26
	BLACK 11-> 30.28
	BLACK 11-> 30.37
	BLACK 11-> 30.21
	BLACK 11-> 30.13
	BLACK 11-> 24.89
[!] WHITE DETECTED with value 7.28
[!] Inserting at array 6
	WHITE 00-> 6.52
	WHITE 00-> 6.52
	WHITE 00-> 6.50
	WHITE 00-> 7.49
	WHITE 00-> 9.95
[!] BLACK DETECTED with value 29.99
[!] Inserting at array 7
	BLACK 11-> 30.33
	BLACK 11-> 30.38
	BLACK 11-> 30.43
	BLACK 11-> 30.48
	BLACK 11-> 30.48
	BLACK 11-> 30.45
	BLACK 11-> 30.47
	BLACK 11-> 30.46
	BLACK 11-> 30.21
[!] WHITE DETECTED with value 10.06
[!] Inserting at array 8
	WHITE 00-> 6.70
	WHITE 00-> 6.70
	WHITE 00-> 6.63
	WHITE 00-> 7.57
	WHITE 00-> 11.66
[!] BLACK DETECTED with value 30.27
[!] Inserting at array 9
	BLACK 11-> 30.36
	BLACK 11-> 30.39
	BLACK 11-> 29.38
[!] WHITE DETECTED with value 8.09
[!] Inserting at array 10
	WHITE 00-> 7.06
	WHITE 00-> 7.06
	WHITE 00-> 7.06
	WHITE 00-> 8.83
[!] BLACK DETECTED with value 30.25
[!] Inserting at array 11
	BLACK 11-> 29.99
	BLACK 11-> 29.99
[!] WHITE DETECTED with value 7.93
[!] Inserting at array 12
	WHITE 00-> 6.87
	WHITE 00-> 6.89
	WHITE 00-> 6.81
	WHITE 00-> 6.87
	WHITE 00-> 8.18
[!] BLACK DETECTED with value 29.07
[!] Inserting at array 13
	BLACK 11-> 30.36
	BLACK 11-> 30.36
	BLACK 11-> 30.45
	BLACK 11-> 30.50
	BLACK 11-> 30.29
	BLACK 11-> 30.42
	BLACK 11-> 30.40
	BLACK 11-> 30.38
	BLACK 11-> 30.38
	BLACK 11-> 29.42
[!] WHITE DETECTED with value 7.30
[!] Inserting at array 14
	WHITE 00-> 6.48
	WHITE 00-> 6.48
	WHITE 00-> 7.78
[!] BLACK DETECTED with value 29.74
[!] Inserting at array 15
	BLACK 11-> 30.25
	BLACK 11-> 30.30
	BLACK 11-> 30.38
	BLACK 11-> 30.43
	BLACK 11-> 30.37
	BLACK 11-> 30.38
	BLACK 11-> 30.35
	BLACK 11-> 30.42
	BLACK 11-> 30.40
	BLACK 11-> 28.66
[!] WHITE DETECTED with value 7.26
[!] Inserting at array 16
	WHITE 00-> 6.51
	WHITE 00-> 6.47
	WHITE 00-> 6.44
	WHITE 00-> 6.52
	WHITE 00-> 6.41
	WHITE 00-> 6.35
	WHITE 00-> 6.62
	WHITE 00-> 6.75
	WHITE 00-> 6.56
	WHITE 00-> 6.52
	WHITE 00-> 7.11
[!] BLACK DETECTED with value 24.71
[!] Inserting at array 17
	BLACK 11-> 30.30
	BLACK 11-> 30.34
	BLACK 11-> 27.96
[!] WHITE DETECTED with value 6.94
[!] Inserting at array 18
	WHITE 00-> 7.06
	WHITE 00-> 7.06
	WHITE 00-> 8.88
[!] BLACK DETECTED with value 30.09
[!] Inserting at array 19
	BLACK 11-> 29.96
	BLACK 11-> 29.96
[!] WHITE DETECTED with value 7.72
[!] Inserting at array 20
	WHITE 00-> 6.47
	WHITE 00-> 6.49
	WHITE 00-> 7.07
	WHITE 00-> 11.42
[!] BLACK DETECTED with value 30.13
[!] Inserting at array 21
	BLACK 11-> 30.02
	BLACK 11-> 30.01
[!] WHITE DETECTED with value 7.68
[!] Inserting at array 22
	WHITE 00-> 6.81
	WHITE 00-> 6.67
	WHITE 00-> 6.76
	WHITE 00-> 6.66
	WHITE 00-> 6.55
	WHITE 00-> 6.41
	WHITE 00-> 6.49
	WHITE 00-> 6.39
	WHITE 00-> 6.33
	WHITE 00-> 6.33
	WHITE 00-> 6.91
[!] BLACK DETECTED with value 29.00
[!] Inserting at array 23
	BLACK 11-> 30.11
	BLACK 11-> 30.12
[!] WHITE DETECTED with value 8.79
[!] Inserting at array 24
	WHITE 00-> 6.33
	WHITE 00-> 6.33
	WHITE 00-> 6.66
	WHITE 00-> 8.45
[!] BLACK DETECTED with value 29.13
[!] Inserting at array 25
	BLACK 11-> 30.16
	BLACK 11-> 30.09
	BLACK 11-> 30.20
	BLACK 11-> 30.34
	BLACK 11-> 30.32
	BLACK 11-> 30.37
	BLACK 11-> 30.25
	BLACK 11-> 30.23
	BLACK 11-> 26.03
[!] WHITE DETECTED with value 6.29
[!] Inserting at array 26
	WHITE 00-> 6.15
	WHITE 00-> 6.20
	WHITE 00-> 6.30
	WHITE 00-> 10.55
[!] BLACK DETECTED with value 29.73
[!] Inserting at array 27
	BLACK 11-> 30.15
	BLACK 11-> 30.09
	BLACK 11-> 30.21
	BLACK 11-> 30.07
	BLACK 11-> 30.25
	BLACK 11-> 30.21
	BLACK 11-> 30.15
	BLACK 11-> 29.59
[!] WHITE DETECTED with value 8.48
[!] Inserting at array 28
	WHITE 00-> 6.60
	WHITE 00-> 6.60
	WHITE 00-> 6.41
	WHITE 00-> 6.56
	WHITE 00-> 8.03
[!] BLACK DETECTED with value 29.52
[!] Inserting at array 29
	BLACK 11-> 29.98
	BLACK 11-> 29.99
	BLACK 11-> 23.78
[!] WHITE DETECTED with value 8.23
[!] Inserting at array 30
BLACK THRESHOLD: 233.329132
WHITE THRESHOLD: 68.998856
BWWBWBBWBBWBWBWBBWBBWWBWBWBWWBWBBWBBWB
colorString formed!

Start reading colorString in function!
BWWBWBBWBBWBWBWBBWBBWWBWBWBWWBWBBWBBWB
Finished reading colorString in function!

Start reading charSequence!
BWWBWBBWBBWB
Finished reading charSequence!

 MATCH FOUND: *
(1) Retrieved Char: *

Start reading charSequence!
BWBBWBBWWBWB
Finished reading charSequence!

 MATCH FOUND: F
(2) Retrieved Char: F

Start reading charSequence!
BWWBWBBWBBWB
Finished reading charSequence!

 MATCH FOUND: *
(3) Retrieved Char: *
	WHITE 00-> 12.27
	WHITE 00-> 12.27
[!] BLACK DETECTED with value 22.73
[!] Inserting at array 1
	BLACK 11-> 22.61
	BLACK 11-> 22.61
	BLACK 11-> 22.52
[!] WHITE DETECTED with value 12.19
[!] Inserting at array 2
	WHITE 00-> 12.15
	WHITE 00-> 12.11
	WHITE 00-> 12.10
	WHITE 00-> 12.11
	WHITE 00-> 12.11
	WHITE 00-> 12.10
	WHITE 00-> 12.11
	WHITE 00-> 12.11
	WHITE 00-> 12.11
	WHITE 00-> 12.13
	WHITE 00-> 12.13
	WHITE 00-> 12.13
	WHITE 00-> 12.13
	WHITE 00-> 12.13
	WHITE 00-> 12.13
	WHITE 00-> 12.13
	WHITE 00-> 12.13
	WHITE 00-> 12.13
	WHITE 00-> 12.19
	WHITE 00-> 12.13
	WHITE 00-> 12.11
	WHITE 00-> 12.15
	WHITE 00-> 12.13
	WHITE 00-> 12.09
	WHITE 00-> 12.17
	WHITE 00-> 12.13
	WHITE 00-> 12.13
	WHITE 00-> 12.13
	WHITE 00-> 12.19
	WHITE 00-> 12.14
	WHITE 00-> 12.13
	WHITE 00-> 12.09
	WHITE 00-> 11.92
[!] BLACK DETECTED with value 29.86
[!] Inserting at array 3
	BLACK 11-> 30.75
	BLACK 11-> 30.77
	BLACK 11-> 30.70
	BLACK 11-> 30.84
	BLACK 11-> 30.86
	BLACK 11-> 30.85
	BLACK 11-> 30.88
	BLACK 11-> 30.89
	BLACK 11-> 30.86
	BLACK 11-> 30.91
	BLACK 11-> 30.90
	BLACK 11-> 30.92
	BLACK 11-> 30.92
[!] WHITE DETECTED with value 10.13
[!] Inserting at array 4
	WHITE 00-> 11.35
	WHITE 00-> 11.34
	WHITE 00-> 9.40
	WHITE 00-> 11.20
[!] BLACK DETECTED with value 29.93
[!] Inserting at array 5
	BLACK 11-> 29.78
	BLACK 11-> 29.72
[!] WHITE DETECTED with value 10.75
[!] Inserting at array 6
	WHITE 00-> 7.40
	WHITE 00-> 7.42
	WHITE 00-> 6.87
	WHITE 00-> 7.01
	WHITE 00-> 7.06
	WHITE 00-> 7.00
	WHITE 00-> 7.13
	WHITE 00-> 7.19
	WHITE 00-> 7.29
	WHITE 00-> 7.16
	WHITE 00-> 7.12
	WHITE 00-> 7.20
	WHITE 00-> 7.74
[!] BLACK DETECTED with value 28.56
[!] Inserting at array 7
	BLACK 11-> 30.13
	BLACK 11-> 30.13
	BLACK 11-> 30.15
	BLACK 11-> 30.13
	BLACK 11-> 30.15
	BLACK 11-> 30.11
	BLACK 11-> 30.17
	BLACK 11-> 30.17
	BLACK 11-> 30.20
	BLACK 11-> 30.17
	BLACK 11-> 30.18
	BLACK 11-> 30.23
[!] WHITE DETECTED with value 6.46
[!] Inserting at array 8
	BLACK 11-> 30.84
	BLACK 11-> 30.84
	BLACK 11-> 30.84
	BLACK 11-> 30.85
	BLACK 11-> 30.84
	BLACK 11-> 30.84
	BLACK 11-> 30.84
	BLACK 11-> 30.85
	BLACK 11-> 30.87
	BLACK 11-> 30.82
	BLACK 11-> 30.84
	BLACK 11-> 30.84
	BLACK 11-> 30.80
	BLACK 11-> 30.84
	BLACK 11-> 30.84
	BLACK 11-> 30.86
	BLACK 11-> 30.92
	BLACK 11-> 30.89
	BLACK 11-> 30.84
	BLACK 11-> 30.86
	BLACK 11-> 30.84
	BLACK 11-> 30.77
	BLACK 11-> 30.85
	BLACK 11-> 30.84
	BLACK 11-> 30.85
	BLACK 11-> 30.85
	BLACK 11-> 30.85
	BLACK 11-> 30.84
	BLACK 11-> 30.84
	BLACK 11-> 30.84
	BLACK 11-> 30.85
	BLACK 11-> 30.84
	BLACK 11-> 30.84
This 8 position, TOO BIG? 1014.338257ERROR FLAG DETECTED, Exiting to FIRST WHILE LOOP!	WHITE 00-> 6.24
	WHITE 00-> 6.24
[!] BLACK DETECTED with value 27.86
[!] Inserting at array 1
	BLACK 11-> 30.16
	BLACK 11-> 30.19
	BLACK 11-> 30.05
	BLACK 11-> 30.07
	BLACK 11-> 30.06
	BLACK 11-> 30.13
	BLACK 11-> 30.07
	BLACK 11-> 30.07
	BLACK 11-> 30.07
	BLACK 11-> 30.09
	BLACK 11-> 30.09
	BLACK 11-> 30.09
	BLACK 11-> 30.06
	BLACK 11-> 30.10
	BLACK 11-> 30.07
	BLACK 11-> 30.09
	BLACK 11-> 30.04
	BLACK 11-> 30.08
	BLACK 11-> 30.07
	BLACK 11-> 30.04
	BLACK 11-> 30.08
	BLACK 11-> 30.08
	BLACK 11-> 30.08
	BLACK 11-> 30.11
	BLACK 11-> 30.07
	BLACK 11-> 30.17
	BLACK 11-> 29.34
[!] WHITE DETECTED with value 6.24
[!] Inserting at array 2
	BLACK 11-> 26.03
	BLACK 11-> 26.19
	BLACK 11-> 30.82
	BLACK 11-> 30.86
	BLACK 11-> 30.84
	BLACK 11-> 30.86
	BLACK 11-> 30.85
	BLACK 11-> 30.85
	BLACK 11-> 30.84
	BLACK 11-> 30.86
	BLACK 11-> 30.84
	BLACK 11-> 30.84
	BLACK 11-> 30.83
	BLACK 11-> 30.84
	BLACK 11-> 30.83
	BLACK 11-> 30.86
	BLACK 11-> 30.80
	BLACK 11-> 30.88
	BLACK 11-> 30.71
	BLACK 11-> 30.25
	BLACK 11-> 28.78
	BLACK 11-> 28.87
	BLACK 11-> 28.87
	BLACK 11-> 28.95
	BLACK 11-> 28.88
	BLACK 11-> 28.89
	BLACK 11-> 28.86
	BLACK 11-> 28.89
	BLACK 11-> 28.90
	BLACK 11-> 28.83
	BLACK 11-> 28.97
	BLACK 11-> 28.91
	BLACK 11-> 28.91
	BLACK 11-> 28.98
This 2 position, TOO BIG? 1007.404053ERROR FLAG DETECTED, Exiting to FIRST WHILE LOOP!	WHITE 00-> 6.93
	WHITE 00-> 6.92
	WHITE 00-> 6.73
	WHITE 00-> 6.82
	WHITE 00-> 6.82
	WHITE 00-> 6.68
	WHITE 00-> 6.37
	WHITE 00-> 6.42
	WHITE 00-> 7.71
[!] BLACK DETECTED with value 30.23
[!] Inserting at array 1
	BLACK 11-> 30.15
	BLACK 11-> 30.14
[!] WHITE DETECTED with value 8.51
[!] Inserting at array 2
	WHITE 00-> 6.48
	WHITE 00-> 6.53
	WHITE 00-> 6.35
	WHITE 00-> 6.31
	WHITE 00-> 6.37
	WHITE 00-> 6.34
	WHITE 00-> 6.43
	WHITE 00-> 6.60
	WHITE 00-> 6.83
[!] BLACK DETECTED with value 27.62
[!] Inserting at array 3
	BLACK 11-> 30.19
	BLACK 11-> 30.18
[!] WHITE DETECTED with value 6.76
[!] Inserting at array 4
	WHITE 00-> 8.80
	WHITE 00-> 8.85
[!] BLACK DETECTED with value 30.23
[!] Inserting at array 5
	BLACK 11-> 30.31
	BLACK 11-> 30.32
	BLACK 11-> 30.35
	BLACK 11-> 30.32
	BLACK 11-> 25.74
[!] WHITE DETECTED with value 7.07
[!] Inserting at array 6
	BLACK 11-> 24.27
	BLACK 11-> 24.43
	BLACK 11-> 30.35
	BLACK 11-> 30.39
	BLACK 11-> 30.44
	BLACK 11-> 30.25
[!] WHITE DETECTED with value 9.09
[!] Inserting at array 7
	WHITE 00-> 7.61
	WHITE 00-> 7.61
[!] BLACK DETECTED with value 30.32
[!] Inserting at array 8
	WHITE 00-> 9.29
	WHITE 00-> 9.27
	WHITE 00-> 8.54
[!] BLACK DETECTED with value 30.44
[!] Inserting at array 9
	WHITE 00-> 7.36
	WHITE 00-> 7.38
[!] BLACK DETECTED with value 28.53
[!] Inserting at array 10
	BLACK 11-> 30.50
	BLACK 11-> 30.51
	BLACK 11-> 30.39
	BLACK 11-> 29.19
[!] WHITE DETECTED with value 6.81
[!] Inserting at array 11
	BLACK 11-> 30.21
	BLACK 11-> 30.24
	BLACK 11-> 30.36
	BLACK 11-> 30.44
	BLACK 11-> 30.23
[!] WHITE DETECTED with value 6.93
[!] Inserting at array 12
	WHITE 00-> 6.98
	WHITE 00-> 6.92
	WHITE 00-> 6.84
[!] BLACK DETECTED with value 30.31
[!] Inserting at array 13
	WHITE 00-> 7.76
	WHITE 00-> 7.73
[!] BLACK DETECTED with value 30.08
[!] Inserting at array 14
	WHITE 00-> 8.47
	WHITE 00-> 8.46
[!] BLACK DETECTED with value 29.65
[!] Inserting at array 15
	BLACK 11-> 23.52
	BLACK 11-> 23.39
[!] WHITE DETECTED with value 6.98
[!] Inserting at array 16
	WHITE 00-> 7.36
	WHITE 00-> 7.36
	WHITE 00-> 6.60
	WHITE 00-> 8.57
[!] BLACK DETECTED with value 29.86
[!] Inserting at array 17
	WHITE 00-> 8.22
	WHITE 00-> 8.23
[!] BLACK DETECTED with value 30.38
[!] Inserting at array 18
	BLACK 11-> 30.42
	BLACK 11-> 30.41
	BLACK 11-> 26.12
[!] WHITE DETECTED with value 6.20
[!] Inserting at array 19
	BLACK 11-> 28.16
	BLACK 11-> 28.17
	BLACK 11-> 30.15
	BLACK 11-> 30.21
	BLACK 11-> 30.10
	BLACK 11-> 30.26
[!] WHITE DETECTED with value 8.57
[!] Inserting at array 20
	WHITE 00-> 6.44
	WHITE 00-> 6.44
[!] BLACK DETECTED with value 24.51
[!] Inserting at array 21
	BLACK 11-> 30.15
	BLACK 11-> 30.15
	BLACK 11-> 26.21
[!] WHITE DETECTED with value 10.49
[!] Inserting at array 22
	WHITE 00-> 6.97
	WHITE 00-> 6.97
	WHITE 00-> 6.77
	WHITE 00-> 6.60
	WHITE 00-> 6.43
	WHITE 00-> 6.39
	WHITE 00-> 6.35
	WHITE 00-> 6.33
	WHITE 00-> 6.31
	WHITE 00-> 6.28
	WHITE 00-> 6.27
	WHITE 00-> 6.27
	WHITE 00-> 6.27
	WHITE 00-> 6.27
	WHITE 00-> 6.27
	WHITE 00-> 6.26
	WHITE 00-> 6.26
	WHITE 00-> 6.26
	WHITE 00-> 6.26
	WHITE 00-> 6.28
	WHITE 00-> 6.26
[!] BLACK DETECTED with value 29.45
[!] Inserting at array 23
	WHITE 00-> 6.33
	WHITE 00-> 6.30
[!] BLACK DETECTED with value 30.13
[!] Inserting at array 24
	BLACK 11-> 30.23
	BLACK 11-> 30.19
	BLACK 11-> 29.49
	BLACK 11-> 30.35
[!] WHITE DETECTED with value 8.34
[!] Inserting at array 25
	BLACK 11-> 28.18
	BLACK 11-> 28.02
[!] WHITE DETECTED with value 7.19
[!] Inserting at array 26
	BLACK 11-> 30.29
	BLACK 11-> 30.35
	BLACK 11-> 30.31
	BLACK 11-> 29.62
[!] WHITE DETECTED with value 6.51
[!] Inserting at array 27
	BLACK 11-> 30.35
	BLACK 11-> 30.35
	BLACK 11-> 27.48
	BLACK 11-> 30.37
	BLACK 11-> 30.42
[!] WHITE DETECTED with value 7.10
[!] Inserting at array 28
	WHITE 00-> 12.01
	WHITE 00-> 11.86
[!] BLACK DETECTED with value 30.32
[!] Inserting at array 29
	WHITE 00-> 7.69
	WHITE 00-> 7.71
[!] BLACK DETECTED with value 30.48
[!] Inserting at array 30
BLACK THRESHOLD: 81.845779
WHITE THRESHOLD: 76.895630
BWBWBBWWBWBWWBBWBWBWBWWBBWBBWWBWWBWWBB
colorString formed!

Start reading colorString in function!
BWBWBBWWBWBWWBBWBWBWBWWBBWBBWWBWWBWWBB
Finished reading colorString in function!

Start reading charSequence!
BWBWBBWWBWBW
Finished reading charSequence!

(1) Retrieved Char: ?

Start reading charSequence!
BBWBWBWBWWBB
Finished reading charSequence!

 MATCH FOUND: K
(2) Retrieved Char: K

Start reading charSequence!
BBWWBWWBWWBB
Finished reading charSequence!

(3) Retrieved Char: ?
	WHITE 00-> 9.87
	WHITE 00-> 9.86
	WHITE 00-> 8.89
	WHITE 00-> 8.36
	WHITE 00-> 8.83
	WHITE 00-> 12.03
[!] BLACK DETECTED with value 26.57
[!] Inserting at array 1
	BLACK 11-> 29.87
	BLACK 11-> 29.87
	BLACK 11-> 30.42
	BLACK 11-> 27.31
[!] WHITE DETECTED with value 10.50
[!] Inserting at array 2
	WHITE 00-> 8.30
	WHITE 00-> 8.36
	WHITE 00-> 8.28
	WHITE 00-> 8.23
	WHITE 00-> 8.04
	WHITE 00-> 7.74
	WHITE 00-> 8.14
	WHITE 00-> 8.06
	WHITE 00-> 7.76
	WHITE 00-> 7.95
	WHITE 00-> 7.93
	WHITE 00-> 8.59
	WHITE 00-> 10.77
[!] BLACK DETECTED with value 26.89
[!] Inserting at array 3
	BLACK 11-> 30.50
	BLACK 11-> 30.51
	BLACK 11-> 26.59
[!] WHITE DETECTED with value 9.00
[!] Inserting at array 4
	WHITE 00-> 8.79
	WHITE 00-> 8.79
[!] BLACK DETECTED with value 26.59
[!] Inserting at array 5
	BLACK 11-> 30.49
	BLACK 11-> 30.49
	BLACK 11-> 30.69
	BLACK 11-> 30.62
	BLACK 11-> 30.57
	BLACK 11-> 30.57
	BLACK 11-> 30.52
	BLACK 11-> 30.52
	BLACK 11-> 30.57
	BLACK 11-> 29.60
[!] WHITE DETECTED with value 12.26
[!] Inserting at array 6
	WHITE 00-> 8.78
	WHITE 00-> 8.78
	WHITE 00-> 9.02
[!] BLACK DETECTED with value 25.03
[!] Inserting at array 7
	BLACK 11-> 29.65
	BLACK 11-> 29.63
	BLACK 11-> 30.54
	BLACK 11-> 30.51
	BLACK 11-> 30.58
	BLACK 11-> 30.54
	BLACK 11-> 30.65
	BLACK 11-> 30.65
	BLACK 11-> 30.61
	BLACK 11-> 30.63
	BLACK 11-> 30.50
	BLACK 11-> 23.46
[!] WHITE DETECTED with value 8.76
[!] Inserting at array 8
	WHITE 00-> 8.24
	WHITE 00-> 8.25
	WHITE 00-> 12.41
[!] BLACK DETECTED with value 29.86
[!] Inserting at array 9
	BLACK 11-> 30.52
	BLACK 11-> 30.52
	BLACK 11-> 29.62
[!] WHITE DETECTED with value 11.84
[!] Inserting at array 10
	WHITE 00-> 8.58
	WHITE 00-> 8.52
	WHITE 00-> 8.67
	WHITE 00-> 10.56
[!] BLACK DETECTED with value 29.69
[!] Inserting at array 11
	BLACK 11-> 30.42
	BLACK 11-> 30.44
	BLACK 11-> 27.13
[!] WHITE DETECTED with value 8.81
[!] Inserting at array 12
	WHITE 00-> 8.67
	WHITE 00-> 8.69
[!] BLACK DETECTED with value 26.82
[!] Inserting at array 13
	BLACK 11-> 30.43
	BLACK 11-> 30.44
	BLACK 11-> 30.47
	BLACK 11-> 30.52
	BLACK 11-> 30.53
	BLACK 11-> 30.57
	BLACK 11-> 30.55
	BLACK 11-> 26.74
[!] WHITE DETECTED with value 8.68
[!] Inserting at array 14
	WHITE 00-> 10.20
	WHITE 00-> 10.21
[!] BLACK DETECTED with value 28.87
[!] Inserting at array 15
	BLACK 11-> 30.51
	BLACK 11-> 30.44
	BLACK 11-> 30.54
	BLACK 11-> 30.54
	BLACK 11-> 30.54
	BLACK 11-> 30.57
	BLACK 11-> 30.59
	BLACK 11-> 30.24
	BLACK 11-> 22.59
[!] WHITE DETECTED with value 8.69
[!] Inserting at array 16
	WHITE 00-> 8.06
	WHITE 00-> 8.07
	WHITE 00-> 7.88
	WHITE 00-> 8.02
	WHITE 00-> 7.98
	WHITE 00-> 8.13
	WHITE 00-> 8.30
	WHITE 00-> 8.28
	WHITE 00-> 8.13
	WHITE 00-> 8.10
	WHITE 00-> 7.86
	WHITE 00-> 7.68
	WHITE 00-> 7.63
[!] BLACK DETECTED with value 24.48
[!] Inserting at array 17
	BLACK 11-> 30.40
	BLACK 11-> 30.41
	BLACK 11-> 26.40
[!] WHITE DETECTED with value 8.42
[!] Inserting at array 18
	WHITE 00-> 8.04
	WHITE 00-> 8.03
	WHITE 00-> 10.80
[!] BLACK DETECTED with value 30.22
[!] Inserting at array 19
	BLACK 11-> 30.13
	BLACK 11-> 30.13
[!] WHITE DETECTED with value 10.53
[!] Inserting at array 20
	WHITE 00-> 7.89
	WHITE 00-> 7.92
	WHITE 00-> 9.49
[!] BLACK DETECTED with value 30.10
[!] Inserting at array 21
	BLACK 11-> 29.86
	BLACK 11-> 29.93
[!] WHITE DETECTED with value 8.87
[!] Inserting at array 22
	WHITE 00-> 7.72
	WHITE 00-> 7.68
	WHITE 00-> 7.88
	WHITE 00-> 7.97
	WHITE 00-> 7.84
	WHITE 00-> 7.84
	WHITE 00-> 7.96
[!] BLACK DETECTED with value 23.30
[!] Inserting at array 23
	BLACK 11-> 30.28
	BLACK 11-> 30.29
[!] WHITE DETECTED with value 11.42
[!] Inserting at array 24
	WHITE 00-> 8.47
	WHITE 00-> 8.47
[!] BLACK DETECTED with value 29.97
[!] Inserting at array 25
	BLACK 11-> 30.54
	BLACK 11-> 30.54
	BLACK 11-> 30.40
	BLACK 11-> 30.40
	BLACK 11-> 30.30
	BLACK 11-> 30.00
[!] WHITE DETECTED with value 8.86
[!] Inserting at array 26
	WHITE 00-> 6.39
	WHITE 00-> 6.39
	WHITE 00-> 6.41
	WHITE 00-> 8.48
[!] BLACK DETECTED with value 27.82
[!] Inserting at array 27
	BLACK 11-> 30.10
	BLACK 11-> 30.09
	BLACK 11-> 30.11
	BLACK 11-> 30.21
	BLACK 11-> 30.26
	BLACK 11-> 30.24
	BLACK 11-> 30.35
	BLACK 11-> 30.17
	BLACK 11-> 30.13
	BLACK 11-> 22.70
[!] WHITE DETECTED with value 6.36
[!] Inserting at array 28
	WHITE 00-> 6.37
	WHITE 00-> 6.37
	WHITE 00-> 8.17
[!] BLACK DETECTED with value 26.39
[!] Inserting at array 29
	BLACK 11-> 29.99
	BLACK 11-> 29.99
	BLACK 11-> 29.84
[!] WHITE DETECTED with value 11.37
[!] Inserting at array 30
BLACK THRESHOLD: 231.728546
WHITE THRESHOLD: 73.227097
BWWBWBBWBBWBWBWBBWBBWWBWBWBWBWBWBBWBWN
colorString formed!

Start reading colorString in function!
BWWBWBBWBBWBWBWBBWBBWWBWBWBWBWBWBBWBWN
Finished reading colorString in function!

Start reading charSequence!
BWWBWBBWBBWB
Finished reading charSequence!

 MATCH FOUND: *
(1) Retrieved Char: *

Start reading charSequence!
BWBBWBBWWBWB
Finished reading charSequence!

 MATCH FOUND: F
(2) Retrieved Char: F

Start reading charSequence!
BWBWBWBBWBWN
Finished reading charSequence!

(3) Retrieved Char: ?
	WHITE 00-> 5.98
	WHITE 00-> 5.97
	WHITE 00-> 5.92
	WHITE 00-> 5.81
	WHITE 00-> 5.85
	WHITE 00-> 5.86
	WHITE 00-> 5.81
	WHITE 00-> 5.85
	WHITE 00-> 5.76
	WHITE 00-> 5.69
	WHITE 00-> 5.68
	WHITE 00-> 5.66
	WHITE 00-> 5.69
	WHITE 00-> 5.76
	WHITE 00-> 5.78
	WHITE 00-> 5.72
	WHITE 00-> 5.84
[!] BLACK DETECTED with value 29.96
[!] Inserting at array 1
	BLACK 11-> 30.46
	BLACK 11-> 30.57
	BLACK 11-> 30.65
	BLACK 11-> 30.65
	BLACK 11-> 30.61
	BLACK 11-> 30.55
	BLACK 11-> 30.59
	BLACK 11-> 30.62
	BLACK 11-> 30.74
	BLACK 11-> 30.64
	BLACK 11-> 30.70
	BLACK 11-> 30.84
	BLACK 11-> 30.83
	BLACK 11-> 30.83
	BLACK 11-> 30.81
	BLACK 11-> 30.81
	BLACK 11-> 30.81
	BLACK 11-> 30.77
	BLACK 11-> 30.84
	BLACK 11-> 30.79
	BLACK 11-> 30.74
	BLACK 11-> 30.80
	BLACK 11-> 29.51
	BLACK 11-> 29.20
	BLACK 11-> 28.48
	BLACK 11-> 26.93
[!] WHITE DETECTED with value 5.79
[!] Inserting at array 2
	WHITE 00-> 5.72
	WHITE 00-> 5.65
	WHITE 00-> 6.04
	WHITE 00-> 7.72
	WHITE 00-> 6.72
	WHITE 00-> 6.70
	WHITE 00-> 6.74
	WHITE 00-> 6.74
	WHITE 00-> 6.79
	WHITE 00-> 6.73
	WHITE 00-> 6.75
	WHITE 00-> 6.74
	WHITE 00-> 6.75
	WHITE 00-> 6.76
	WHITE 00-> 6.76
	WHITE 00-> 6.76
	WHITE 00-> 6.78
	WHITE 00-> 6.71
	WHITE 00-> 6.78
	WHITE 00-> 6.78
	WHITE 00-> 6.82
	WHITE 00-> 6.49
[!] BLACK DETECTED with value 30.91
[!] Inserting at array 3
	BLACK 11-> 30.87
	BLACK 11-> 30.87
	BLACK 11-> 30.88
	BLACK 11-> 30.88
	BLACK 11-> 30.90
	BLACK 11-> 30.88
	BLACK 11-> 30.84
	BLACK 11-> 30.87
	BLACK 11-> 30.90
	BLACK 11-> 30.94
	BLACK 11-> 30.89
	BLACK 11-> 30.96
	BLACK 11-> 30.94
	BLACK 11-> 30.83
	BLACK 11-> 30.84
[!] WHITE DETECTED with value 11.69
[!] Inserting at array 4
	WHITE 00-> 5.70
	WHITE 00-> 5.70
[!] BLACK DETECTED with value 30.26
[!] Inserting at array 5
	BLACK 11-> 30.24
	BLACK 11-> 30.24
[!] WHITE DETECTED with value 9.49
[!] Inserting at array 6
	WHITE 00-> 9.67
	WHITE 00-> 9.82
[!] BLACK DETECTED with value 30.81
[!] Inserting at array 7
	BLACK 11-> 30.86
	BLACK 11-> 30.87
	BLACK 11-> 30.88
	BLACK 11-> 30.86
	BLACK 11-> 30.86
	BLACK 11-> 30.86
	BLACK 11-> 30.84
	BLACK 11-> 30.87
	BLACK 11-> 30.80
	BLACK 11-> 30.83
	BLACK 11-> 30.89
	BLACK 11-> 30.90
	BLACK 11-> 30.84
	BLACK 11-> 30.86
	BLACK 11-> 30.94
	BLACK 11-> 30.86
	BLACK 11-> 30.87
	BLACK 11-> 30.87
	BLACK 11-> 30.86
	BLACK 11-> 30.86
	BLACK 11-> 30.88
	BLACK 11-> 30.80
	BLACK 11-> 30.79
	BLACK 11-> 30.80
	BLACK 11-> 30.80
	BLACK 11-> 30.84
	BLACK 11-> 30.57
	BLACK 11-> 29.88
	BLACK 11-> 29.43
	BLACK 11-> 28.23
[!] WHITE DETECTED with value 12.24
[!] Inserting at array 8
	WHITE 00-> 5.83
	WHITE 00-> 5.83
	WHITE 00-> 8.77
[!] BLACK DETECTED with value 29.76
[!] Inserting at array 9
	BLACK 11-> 29.99
	BLACK 11-> 29.99
[!] WHITE DETECTED with value 8.24
[!] Inserting at array 10
	WHITE 00-> 7.86
	WHITE 00-> 7.86
[!] BLACK DETECTED with value 29.43
[!] Inserting at array 11
	WHITE 00-> 8.28
	WHITE 00-> 8.29
[!] BLACK DETECTED with value 30.52
[!] Inserting at array 12
	WHITE 00-> 10.72
	WHITE 00-> 10.59
[!] BLACK DETECTED with value 30.52
[!] Inserting at array 13
	BLACK 11-> 29.58
	BLACK 11-> 29.53
	BLACK 11-> 30.36
	BLACK 11-> 30.17
	BLACK 11-> 28.85
	BLACK 11-> 30.36
[!] WHITE DETECTED with value 8.38
[!] Inserting at array 14
	BLACK 11-> 30.36
	BLACK 11-> 30.32
[!] WHITE DETECTED with value 6.27
[!] Inserting at array 15
	WHITE 00-> 6.72
	WHITE 00-> 6.82
	WHITE 00-> 6.27
	WHITE 00-> 6.67
	WHITE 00-> 10.84
	WHITE 00-> 6.25
[!] BLACK DETECTED with value 30.04
[!] Inserting at array 16
	BLACK 11-> 30.19
	BLACK 11-> 30.21
	BLACK 11-> 30.13
[!] WHITE DETECTED with value 6.46
[!] Inserting at array 17
	BLACK 11-> 29.95
	BLACK 11-> 30.05
	BLACK 11-> 30.22
	BLACK 11-> 30.22
	BLACK 11-> 30.34
	BLACK 11-> 30.11
[!] WHITE DETECTED with value 6.34
[!] Inserting at array 18
	BLACK 11-> 30.31
	BLACK 11-> 30.35
	BLACK 11-> 29.43
[!] WHITE DETECTED with value 6.68
[!] Inserting at array 19
	BLACK 11-> 26.81
	BLACK 11-> 27.06
[!] WHITE DETECTED with value 6.36
[!] Inserting at array 20
	BLACK 11-> 30.37
	BLACK 11-> 30.36
	BLACK 11-> 30.37
	BLACK 11-> 30.19
[!] WHITE DETECTED with value 6.35
[!] Inserting at array 21
	BLACK 11-> 30.18
	BLACK 11-> 30.17
	BLACK 11-> 30.49
[!] WHITE DETECTED with value 10.36
[!] Inserting at array 22
	WHITE 00-> 6.27
	WHITE 00-> 6.26
[!] BLACK DETECTED with value 30.24
[!] Inserting at array 23
	BLACK 11-> 29.73
	BLACK 11-> 29.84
	BLACK 11-> 30.80
	BLACK 11-> 30.86
	BLACK 11-> 30.87
	BLACK 11-> 30.80
	BLACK 11-> 30.86
	BLACK 11-> 30.84
	BLACK 11-> 24.79
[!] WHITE DETECTED with value 10.37
[!] Inserting at array 24
	WHITE 00-> 6.29
	WHITE 00-> 6.27
	WHITE 00-> 5.65
	WHITE 00-> 9.23
[!] BLACK DETECTED with value 28.41
[!] Inserting at array 25
	BLACK 11-> 30.77
	BLACK 11-> 30.71
	BLACK 11-> 28.68
[!] WHITE DETECTED with value 8.22
[!] Inserting at array 26
	BLACK 11-> 28.92
	BLACK 11-> 28.94
[!] WHITE DETECTED with value 9.16
[!] Inserting at array 27
	WHITE 00-> 8.41
	WHITE 00-> 8.49
[!] BLACK DETECTED with value 24.99
[!] Inserting at array 28
	BLACK 11-> 30.55
	BLACK 11-> 30.64
[!] WHITE DETECTED with value 7.06
[!] Inserting at array 29
	BLACK 11-> 30.48
	BLACK 11-> 30.55
	BLACK 11-> 30.44
	BLACK 11-> 30.16
	BLACK 11-> 28.62
[!] WHITE DETECTED with value 12.28
[!] Inserting at array 30
BLACK THRESHOLD: 484.401947
WHITE THRESHOLD: 84.696228
BBWWBWBWBBWBWBWBWBWWBWWBWWBWBWBWBWBWè,
colorString formed!

Start reading colorString in function!
BBWWBWBWBBWBWBWBWBWWBWWBWWBWBWBWBWBWè,
Finished reading colorString in function!

Start reading charSequence!
BBWWBWBWBBWB
Finished reading charSequence!
